        -:    0:Source:Graph.cpp
        -:    1:#include "Graph.hpp"
        -:    2:
        -:    3:#include <stdexcept>
        -:    4:
       44:    5:Graph::Graph(int n) {
       44:    6:    adjMat = vector<vector<int>>(n, vector<int>(n, NO_EDGE));
       44:    7:}
        -:    8:
       37:    9:void Graph::addEdge(size_t u, size_t v, int weight) {
       37:   10:    if (u < 0 || u >= adjMat.size() || v < 0 || v >= adjMat.size()) {
        1:   11:        throw std::invalid_argument("Invalid vertex index");
        -:   12:    }
        -:   13:
       36:   14:    if(weight <= 0) {
    #####:   15:        throw std::invalid_argument("Invalid weight");
        -:   16:    }
        -:   17:
       36:   18:    adjMat[u][v] = weight;
       36:   19:}
        -:   20:
        5:   21:void Graph::removeEdge(size_t u, size_t v) {
        5:   22:    if (u < 0 || u >= adjMat.size() || v < 0 || v >= adjMat.size()) {
        1:   23:        throw std::invalid_argument("Invalid vertex index");
        -:   24:    }
        4:   25:    adjMat[u][v] = NO_EDGE;
        4:   26:}
        -:   27:
        6:   28:vector<int> Graph::getNeighbors(size_t u) const {
        6:   29:    if (u < 0 || u >= adjMat.size()) {
    #####:   30:        throw std::invalid_argument("Invalid vertex index");
        -:   31:    }
        6:   32:    vector<int> neighbors;
       24:   33:    for (size_t i = 0; i < adjMat.size(); i++) {
       18:   34:        if (adjMat[u][i] != NO_EDGE) {
       12:   35:            neighbors.push_back(i);
        -:   36:        }
        -:   37:    }
        -:   38:
        6:   39:    return neighbors;
        -:   40:}
        -:   41:
       32:   42:const vector<vector<int>>& Graph::getAdjMat() const {
       32:   43:    return adjMat;
        -:   44:}
        -:   45:
       20:   46:int Graph::getWeight(size_t u, size_t v) const {
      20*:   47:    if (u < 0 || u >= adjMat.size() || v < 0 || v >= adjMat.size()) {
    #####:   48:        throw std::invalid_argument("Invalid vertex index");
        -:   49:    }
       20:   50:    return adjMat[u][v];
        -:   51:}
        -:   52:
       10:   53:int Graph::V() const {
       10:   54:    return adjMat.size();
        -:   55:}
        -:   56:
        -:   57:/**
        -:   58: * @brief Get the edges of the graph. (the graph is undirected)
        -:   59: */
        6:   60:vector<Edge> Graph::getEdges() const {
        -:   61:    // the graph is undirected, so we need to iterate only over the upper triangle of the matrix
        6:   62:    vector<Edge> edges;
       24:   63:    for (size_t i = 0; i < adjMat.size(); i++) {
       36:   64:        for (size_t j = i + 1; j < adjMat.size(); j++) {
       18:   65:            if (adjMat[i][j] != NO_EDGE) {
       14:   66:                edges.push_back({i, j, adjMat[i][j]});
        -:   67:            }
        -:   68:        }
        -:   69:    }
        -:   70:
        6:   71:    return edges;
        -:   72:}
        -:   73:
        2:   74:string Graph::toString() const {
        2:   75:    string str = "";
        8:   76:    for (size_t i = 0; i < adjMat.size(); i++) {
       12:   77:        for (size_t j = i + 1; j < adjMat.size(); j++) {
        6:   78:            if (adjMat[i][j] != NO_EDGE) {
        6:   79:                str += std::to_string(i + 1) + " <-> " + std::to_string(j + 1) + " , " + std::to_string(adjMat[i][j]) + "\n";
        -:   80:            }
        -:   81:        }
        -:   82:    }
        2:   83:    return str;
        -:   84:}
