        -:    0:Source:MSTSolver.cpp
        -:    1:
        -:    2:#include "MSTSolver.hpp"
        -:    3:
        -:    4:#include <algorithm>
        -:    5:#include <climits>
        -:    6:#include <functional>
        -:    7:#include <queue>
        -:    8:#include <tuple>
        -:    9:
        -:   10:#include "TreeOnGraph.hpp"
        -:   11:#include "utils/union_find.hpp"
        -:   12:#include "utils/MinHeap.hpp"
        -:   13:
        -:   14:using std::sort;
        -:   15:using std::tuple;
        -:   16:using std::vector;
        -:   17:
        -:   18:/**
        -:   19: * @brief Get the MST object with Kruskal's algorithm.
        -:   20: * Run in O(E log E) time.
        -:   21: */
        1:   22:TreeOnGraph Kruskal::getMST(Graph &graph) const {
        1:   23:    if (graph.V() == 0) {
    #####:   24:        return TreeOnGraph(graph);
        -:   25:    }
        -:   26:
        2:   27:    UnionFind uf(graph.V());
        -:   28:    // vector<pair<int, int>> mst_edges;
        2:   29:    Graph mst(graph.V());
        -:   30:
        -:   31:    // add the edges to a vector of tuples (src, dest, weight)
        2:   32:    vector<Edge> edges = graph.getEdges();
        -:   33:
        -:   34:    // sort the edges by weight
        1:   35:    sort(edges.begin(), edges.end(), [](const Edge &a, const Edge &b) {
        2:   36:        return std::get<2>(a) < std::get<2>(b);
        -:   37:    });
        -:   38:
        -:   39:    // iterate over the edges, and unoin the vertices if they are not in the same component
        4:   40:    for (Edge e : edges) {
        3:   41:        int u = std::get<0>(e);
        3:   42:        int v = std::get<1>(e);
        3:   43:        if (uf.unite(u, v)) {  // if the vertices are in different components
        2:   44:            mst.addEdge(u, v, graph.getWeight(u, v));
        2:   45:            mst.addEdge(v, u, graph.getWeight(u, v));
        -:   46:        }
        -:   47:    }
        -:   48:
        1:   49:    return TreeOnGraph(mst);
        -:   50:}
        -:   51:
        -:   52:
        -:   53:
        -:   54:
        1:   55:TreeOnGraph Prim::getMST(Graph &graph) const {
        1:   56:    if (graph.V() == 0) {
    #####:   57:        return TreeOnGraph(graph);
        -:   58:    }
        -:   59:
        1:   60:    int V = graph.V(); 
        2:   61:    vector<int> parent(V, -1);
        2:   62:    vector<int> key(V, INT_MAX);
        2:   63:    MinHeap minHeap(V);
        -:   64:
        1:   65:    key[0] = 0;
        1:   66:    minHeap.insertKey(0, key[0]);
        -:   67:
        3:   68:    for (int v = 1; v < V; ++v) {
        2:   69:        minHeap.insertKey(v, key[v]);
        -:   70:    }
        -:   71:
        4:   72:    while (!minHeap.isEmpty()) {
        3:   73:        int u = minHeap.extractMin();
        -:   74:
        9:   75:        for (int v : graph.getNeighbors(u)) {
        6:   76:            int weight = graph.getWeight(u, v);
        -:   77:
        6:   78:            if (minHeap.isInMinHeap(v) && weight < key[v]) {
        3:   79:                key[v] = weight;
        3:   80:                parent[v] = u;
        3:   81:                minHeap.decreaseKey(v, key[v]);
        -:   82:            }
        -:   83:        }
        -:   84:    }
        -:   85:
        2:   86:    Graph mst(V);
        3:   87:    for (int i = 1; i < V; ++i) {
        2:   88:        mst.addEdge(parent[i], i, key[i]);
        2:   89:        mst.addEdge(i, parent[i], key[i]);
        -:   90:    }
        -:   91:
        1:   92:    return TreeOnGraph(mst);
        -:   93:}
